C:\USERS\PHILLIP\DOCUMENTS\SWORDFIGHTING\PROCEDURAL ANIMATIONS\DEBUG\PALIB.LIB
C:\USERS\PHILLIP\DOCUMENTS\SWORDFIGHTING\PROCEDURAL ANIMATIONS\PALIB\DEBUG\BODY.OBJ
C:\Users\Phillip\Documents\Swordfighting\Procedural Animations\PALib\Debug\cl.command.1.tlog
C:\Users\Phillip\Documents\Swordfighting\Procedural Animations\PALib\Debug\CL.read.1.tlog
C:\Users\Phillip\Documents\Swordfighting\Procedural Animations\PALib\Debug\CL.write.1.tlog
C:\USERS\PHILLIP\DOCUMENTS\SWORDFIGHTING\PROCEDURAL ANIMATIONS\PALIB\DEBUG\COMMON.OBJ
C:\USERS\PHILLIP\DOCUMENTS\SWORDFIGHTING\PROCEDURAL ANIMATIONS\PALIB\DEBUG\GRAPHICS.OBJ
C:\USERS\PHILLIP\DOCUMENTS\SWORDFIGHTING\PROCEDURAL ANIMATIONS\PALIB\DEBUG\HITBOX.OBJ
C:\USERS\PHILLIP\DOCUMENTS\SWORDFIGHTING\PROCEDURAL ANIMATIONS\PALIB\DEBUG\INDUSTRIALPARK.OBJ
C:\Users\Phillip\Documents\Swordfighting\Procedural Animations\PALib\Debug\lib.command.1.tlog
C:\Users\Phillip\Documents\Swordfighting\Procedural Animations\PALib\Debug\Lib-link.read.1.tlog
C:\Users\Phillip\Documents\Swordfighting\Procedural Animations\PALib\Debug\Lib-link.write.1.tlog
C:\USERS\PHILLIP\DOCUMENTS\SWORDFIGHTING\PROCEDURAL ANIMATIONS\PALIB\DEBUG\MATERIAL.OBJ
C:\USERS\PHILLIP\DOCUMENTS\SWORDFIGHTING\PROCEDURAL ANIMATIONS\PALIB\DEBUG\MESH.OBJ
C:\USERS\PHILLIP\DOCUMENTS\SWORDFIGHTING\PROCEDURAL ANIMATIONS\PALIB\DEBUG\PALIB.PCH
C:\Users\Phillip\Documents\Swordfighting\Procedural Animations\PALib\Debug\PALib.write.1.tlog
C:\USERS\PHILLIP\DOCUMENTS\SWORDFIGHTING\PROCEDURAL ANIMATIONS\PALIB\DEBUG\PATODX.OBJ
C:\USERS\PHILLIP\DOCUMENTS\SWORDFIGHTING\PROCEDURAL ANIMATIONS\PALIB\DEBUG\PCH.OBJ
C:\USERS\PHILLIP\DOCUMENTS\SWORDFIGHTING\PROCEDURAL ANIMATIONS\PALIB\DEBUG\PHYSICSLOGIC.OBJ
C:\USERS\PHILLIP\DOCUMENTS\SWORDFIGHTING\PROCEDURAL ANIMATIONS\PALIB\DEBUG\RIGIDBODY.OBJ
C:\Users\Phillip\Documents\Swordfighting\Procedural Animations\PALib\Debug\vc100.idb
C:\USERS\PHILLIP\DOCUMENTS\SWORDFIGHTING\PROCEDURAL ANIMATIONS\PALIB\DEBUG\VC100.PDB
